{"total": {"lines":{"total":6171,"covered":1620,"skipped":0,"pct":26.25},"statements":{"total":7419,"covered":1844,"skipped":0,"pct":24.85},"functions":{"total":2417,"covered":496,"skipped":0,"pct":20.52},"branches":{"total":5878,"covered":1119,"skipped":0,"pct":19.03},"branchesTrue":{"total":0,"covered":0,"skipped":0,"pct":100}}
,"C:\\Users\\dylan\\Documents\\projects\\wiigit-whiteboard\\smart-whiteboard\\packages\\ui-kit\\src\\Button.tsx": {"lines":{"total":5,"covered":5,"skipped":0,"pct":100},"functions":{"total":1,"covered":1,"skipped":0,"pct":100},"statements":{"total":5,"covered":5,"skipped":0,"pct":100},"branches":{"total":12,"covered":11,"skipped":0,"pct":91.66}}
,"C:\\Users\\dylan\\Documents\\projects\\wiigit-whiteboard\\smart-whiteboard\\packages\\ui-kit\\src\\Card.tsx": {"lines":{"total":4,"covered":3,"skipped":0,"pct":75},"functions":{"total":1,"covered":0,"skipped":0,"pct":0},"statements":{"total":4,"covered":3,"skipped":0,"pct":75},"branches":{"total":3,"covered":0,"skipped":0,"pct":0}}
,"C:\\Users\\dylan\\Documents\\projects\\wiigit-whiteboard\\smart-whiteboard\\packages\\ui-kit\\src\\Checkbox.tsx": {"lines":{"total":3,"covered":0,"skipped":0,"pct":0},"functions":{"total":3,"covered":0,"skipped":0,"pct":0},"statements":{"total":3,"covered":0,"skipped":0,"pct":0},"branches":{"total":0,"covered":0,"skipped":0,"pct":100}}
,"C:\\Users\\dylan\\Documents\\projects\\wiigit-whiteboard\\smart-whiteboard\\packages\\ui-kit\\src\\Chip.tsx": {"lines":{"total":2,"covered":1,"skipped":0,"pct":50},"functions":{"total":1,"covered":0,"skipped":0,"pct":0},"statements":{"total":2,"covered":1,"skipped":0,"pct":50},"branches":{"total":2,"covered":0,"skipped":0,"pct":0}}
,"C:\\Users\\dylan\\Documents\\projects\\wiigit-whiteboard\\smart-whiteboard\\packages\\ui-kit\\src\\Container.tsx": {"lines":{"total":3,"covered":3,"skipped":0,"pct":100},"functions":{"total":1,"covered":1,"skipped":0,"pct":100},"statements":{"total":3,"covered":3,"skipped":0,"pct":100},"branches":{"total":0,"covered":0,"skipped":0,"pct":100}}
,"C:\\Users\\dylan\\Documents\\projects\\wiigit-whiteboard\\smart-whiteboard\\packages\\ui-kit\\src\\Divider.tsx": {"lines":{"total":3,"covered":0,"skipped":0,"pct":0},"functions":{"total":1,"covered":0,"skipped":0,"pct":0},"statements":{"total":3,"covered":0,"skipped":0,"pct":0},"branches":{"total":3,"covered":0,"skipped":0,"pct":0}}
,"C:\\Users\\dylan\\Documents\\projects\\wiigit-whiteboard\\smart-whiteboard\\packages\\ui-kit\\src\\Icon.tsx": {"lines":{"total":5,"covered":3,"skipped":0,"pct":60},"functions":{"total":1,"covered":1,"skipped":0,"pct":100},"statements":{"total":6,"covered":3,"skipped":0,"pct":50},"branches":{"total":8,"covered":4,"skipped":0,"pct":50}}
,"C:\\Users\\dylan\\Documents\\projects\\wiigit-whiteboard\\smart-whiteboard\\packages\\ui-kit\\src\\IconButton.tsx": {"lines":{"total":5,"covered":5,"skipped":0,"pct":100},"functions":{"total":1,"covered":1,"skipped":0,"pct":100},"statements":{"total":5,"covered":5,"skipped":0,"pct":100},"branches":{"total":8,"covered":7,"skipped":0,"pct":87.5}}
,"C:\\Users\\dylan\\Documents\\projects\\wiigit-whiteboard\\smart-whiteboard\\packages\\ui-kit\\src\\Input.tsx": {"lines":{"total":4,"covered":3,"skipped":0,"pct":75},"functions":{"total":2,"covered":1,"skipped":0,"pct":50},"statements":{"total":4,"covered":3,"skipped":0,"pct":75},"branches":{"total":22,"covered":12,"skipped":0,"pct":54.54}}
,"C:\\Users\\dylan\\Documents\\projects\\wiigit-whiteboard\\smart-whiteboard\\packages\\ui-kit\\src\\MenuItem.tsx": {"lines":{"total":1,"covered":0,"skipped":0,"pct":0},"functions":{"total":1,"covered":0,"skipped":0,"pct":0},"statements":{"total":1,"covered":0,"skipped":0,"pct":0},"branches":{"total":8,"covered":0,"skipped":0,"pct":0}}
,"C:\\Users\\dylan\\Documents\\projects\\wiigit-whiteboard\\smart-whiteboard\\packages\\ui-kit\\src\\Panel.tsx": {"lines":{"total":7,"covered":1,"skipped":0,"pct":14.28},"functions":{"total":2,"covered":0,"skipped":0,"pct":0},"statements":{"total":8,"covered":1,"skipped":0,"pct":12.5},"branches":{"total":9,"covered":0,"skipped":0,"pct":0}}
,"C:\\Users\\dylan\\Documents\\projects\\wiigit-whiteboard\\smart-whiteboard\\packages\\ui-kit\\src\\PanelHeader.tsx": {"lines":{"total":1,"covered":0,"skipped":0,"pct":0},"functions":{"total":1,"covered":0,"skipped":0,"pct":0},"statements":{"total":1,"covered":0,"skipped":0,"pct":0},"branches":{"total":2,"covered":0,"skipped":0,"pct":0}}
,"C:\\Users\\dylan\\Documents\\projects\\wiigit-whiteboard\\smart-whiteboard\\packages\\ui-kit\\src\\SegmentedControl.tsx": {"lines":{"total":4,"covered":2,"skipped":0,"pct":50},"functions":{"total":4,"covered":2,"skipped":0,"pct":50},"statements":{"total":4,"covered":2,"skipped":0,"pct":50},"branches":{"total":2,"covered":2,"skipped":0,"pct":100}}
,"C:\\Users\\dylan\\Documents\\projects\\wiigit-whiteboard\\smart-whiteboard\\packages\\ui-kit\\src\\SettingsSection.tsx": {"lines":{"total":1,"covered":0,"skipped":0,"pct":0},"functions":{"total":1,"covered":0,"skipped":0,"pct":0},"statements":{"total":1,"covered":0,"skipped":0,"pct":0},"branches":{"total":0,"covered":0,"skipped":0,"pct":100}}
,"C:\\Users\\dylan\\Documents\\projects\\wiigit-whiteboard\\smart-whiteboard\\packages\\ui-kit\\src\\Slider.tsx": {"lines":{"total":3,"covered":0,"skipped":0,"pct":0},"functions":{"total":3,"covered":0,"skipped":0,"pct":0},"statements":{"total":3,"covered":0,"skipped":0,"pct":0},"branches":{"total":1,"covered":0,"skipped":0,"pct":0}}
,"C:\\Users\\dylan\\Documents\\projects\\wiigit-whiteboard\\smart-whiteboard\\packages\\ui-kit\\src\\Spacer.tsx": {"lines":{"total":4,"covered":1,"skipped":0,"pct":25},"functions":{"total":1,"covered":0,"skipped":0,"pct":0},"statements":{"total":4,"covered":1,"skipped":0,"pct":25},"branches":{"total":6,"covered":0,"skipped":0,"pct":0}}
,"C:\\Users\\dylan\\Documents\\projects\\wiigit-whiteboard\\smart-whiteboard\\packages\\ui-kit\\src\\Stat.tsx": {"lines":{"total":7,"covered":3,"skipped":0,"pct":42.85},"functions":{"total":1,"covered":0,"skipped":0,"pct":0},"statements":{"total":7,"covered":3,"skipped":0,"pct":42.85},"branches":{"total":3,"covered":0,"skipped":0,"pct":0}}
,"C:\\Users\\dylan\\Documents\\projects\\wiigit-whiteboard\\smart-whiteboard\\packages\\ui-kit\\src\\Text.tsx": {"lines":{"total":5,"covered":5,"skipped":0,"pct":100},"functions":{"total":1,"covered":1,"skipped":0,"pct":100},"statements":{"total":5,"covered":5,"skipped":0,"pct":100},"branches":{"total":10,"covered":8,"skipped":0,"pct":80}}
,"C:\\Users\\dylan\\Documents\\projects\\wiigit-whiteboard\\smart-whiteboard\\packages\\ui-kit\\src\\Toggle.tsx": {"lines":{"total":3,"covered":0,"skipped":0,"pct":0},"functions":{"total":3,"covered":0,"skipped":0,"pct":0},"statements":{"total":3,"covered":0,"skipped":0,"pct":0},"branches":{"total":4,"covered":0,"skipped":0,"pct":0}}
,"C:\\Users\\dylan\\Documents\\projects\\wiigit-whiteboard\\smart-whiteboard\\packages\\ui-kit\\src\\WidgetSizeContext.tsx": {"lines":{"total":3,"covered":2,"skipped":0,"pct":66.66},"functions":{"total":1,"covered":0,"skipped":0,"pct":0},"statements":{"total":3,"covered":2,"skipped":0,"pct":66.66},"branches":{"total":0,"covered":0,"skipped":0,"pct":100}}
,"C:\\Users\\dylan\\Documents\\projects\\wiigit-whiteboard\\smart-whiteboard\\packages\\ui-kit\\src\\index.ts": {"lines":{"total":0,"covered":0,"skipped":0,"pct":100},"functions":{"total":0,"covered":0,"skipped":0,"pct":100},"statements":{"total":0,"covered":0,"skipped":0,"pct":100},"branches":{"total":0,"covered":0,"skipped":0,"pct":100}}
,"C:\\Users\\dylan\\Documents\\projects\\wiigit-whiteboard\\smart-whiteboard\\packages\\ui-kit\\src\\useWidgetSize.ts": {"lines":{"total":17,"covered":15,"skipped":0,"pct":88.23},"functions":{"total":4,"covered":3,"skipped":0,"pct":75},"statements":{"total":19,"covered":16,"skipped":0,"pct":84.21},"branches":{"total":4,"covered":2,"skipped":0,"pct":50}}
,"C:\\Users\\dylan\\Documents\\projects\\wiigit-whiteboard\\smart-whiteboard\\packages\\ui-kit\\src\\widgetTokens.ts": {"lines":{"total":8,"covered":3,"skipped":0,"pct":37.5},"functions":{"total":1,"covered":0,"skipped":0,"pct":0},"statements":{"total":12,"covered":3,"skipped":0,"pct":25},"branches":{"total":8,"covered":0,"skipped":0,"pct":0}}
,"C:\\Users\\dylan\\Documents\\projects\\wiigit-whiteboard\\smart-whiteboard\\packages\\ui-kit\\src\\layouts\\Box.tsx": {"lines":{"total":2,"covered":2,"skipped":0,"pct":100},"functions":{"total":1,"covered":1,"skipped":0,"pct":100},"statements":{"total":2,"covered":2,"skipped":0,"pct":100},"branches":{"total":15,"covered":11,"skipped":0,"pct":73.33}}
,"C:\\Users\\dylan\\Documents\\projects\\wiigit-whiteboard\\smart-whiteboard\\packages\\ui-kit\\src\\layouts\\Center.tsx": {"lines":{"total":1,"covered":1,"skipped":0,"pct":100},"functions":{"total":1,"covered":1,"skipped":0,"pct":100},"statements":{"total":1,"covered":1,"skipped":0,"pct":100},"branches":{"total":1,"covered":1,"skipped":0,"pct":100}}
,"C:\\Users\\dylan\\Documents\\projects\\wiigit-whiteboard\\smart-whiteboard\\packages\\ui-kit\\src\\layouts\\Flex.tsx": {"lines":{"total":8,"covered":8,"skipped":0,"pct":100},"functions":{"total":3,"covered":3,"skipped":0,"pct":100},"statements":{"total":8,"covered":8,"skipped":0,"pct":100},"branches":{"total":25,"covered":23,"skipped":0,"pct":92}}
,"C:\\Users\\dylan\\Documents\\projects\\wiigit-whiteboard\\smart-whiteboard\\packages\\ui-kit\\src\\layouts\\Grid.tsx": {"lines":{"total":3,"covered":2,"skipped":0,"pct":66.66},"functions":{"total":1,"covered":0,"skipped":0,"pct":0},"statements":{"total":3,"covered":2,"skipped":0,"pct":66.66},"branches":{"total":9,"covered":0,"skipped":0,"pct":0}}
,"C:\\Users\\dylan\\Documents\\projects\\wiigit-whiteboard\\smart-whiteboard\\packages\\ui-kit\\src\\layouts\\ScrollArea.tsx": {"lines":{"total":1,"covered":1,"skipped":0,"pct":100},"functions":{"total":1,"covered":1,"skipped":0,"pct":100},"statements":{"total":1,"covered":1,"skipped":0,"pct":100},"branches":{"total":10,"covered":8,"skipped":0,"pct":80}}
,"C:\\Users\\dylan\\Documents\\projects\\wiigit-whiteboard\\smart-whiteboard\\packages\\ui-kit\\src\\theme\\color.ts": {"lines":{"total":1,"covered":1,"skipped":0,"pct":100},"functions":{"total":0,"covered":0,"skipped":0,"pct":100},"statements":{"total":1,"covered":1,"skipped":0,"pct":100},"branches":{"total":0,"covered":0,"skipped":0,"pct":100}}
,"C:\\Users\\dylan\\Documents\\projects\\wiigit-whiteboard\\smart-whiteboard\\packages\\ui-kit\\src\\theme\\index.ts": {"lines":{"total":3,"covered":3,"skipped":0,"pct":100},"functions":{"total":0,"covered":0,"skipped":0,"pct":100},"statements":{"total":3,"covered":3,"skipped":0,"pct":100},"branches":{"total":0,"covered":0,"skipped":0,"pct":100}}
,"C:\\Users\\dylan\\Documents\\projects\\wiigit-whiteboard\\smart-whiteboard\\packages\\ui-kit\\src\\theme\\primitives.ts": {"lines":{"total":7,"covered":7,"skipped":0,"pct":100},"functions":{"total":0,"covered":0,"skipped":0,"pct":100},"statements":{"total":7,"covered":7,"skipped":0,"pct":100},"branches":{"total":0,"covered":0,"skipped":0,"pct":100}}
,"C:\\Users\\dylan\\Documents\\projects\\wiigit-whiteboard\\smart-whiteboard\\packages\\ui-kit\\src\\theme\\typography.ts": {"lines":{"total":1,"covered":1,"skipped":0,"pct":100},"functions":{"total":0,"covered":0,"skipped":0,"pct":100},"statements":{"total":1,"covered":1,"skipped":0,"pct":100},"branches":{"total":0,"covered":0,"skipped":0,"pct":100}}
,"C:\\Users\\dylan\\Documents\\projects\\wiigit-whiteboard\\smart-whiteboard\\packages\\ui-kit\\src\\utils\\cn.ts": {"lines":{"total":1,"covered":1,"skipped":0,"pct":100},"functions":{"total":1,"covered":1,"skipped":0,"pct":100},"statements":{"total":1,"covered":1,"skipped":0,"pct":100},"branches":{"total":0,"covered":0,"skipped":0,"pct":100}}
,"C:\\Users\\dylan\\Documents\\projects\\wiigit-whiteboard\\smart-whiteboard\\src\\App.tsx": {"lines":{"total":6,"covered":0,"skipped":0,"pct":0},"functions":{"total":5,"covered":0,"skipped":0,"pct":0},"statements":{"total":8,"covered":0,"skipped":0,"pct":0},"branches":{"total":2,"covered":0,"skipped":0,"pct":0}}
,"C:\\Users\\dylan\\Documents\\projects\\wiigit-whiteboard\\smart-whiteboard\\src\\main.tsx": {"lines":{"total":2,"covered":0,"skipped":0,"pct":0},"functions":{"total":0,"covered":0,"skipped":0,"pct":100},"statements":{"total":2,"covered":0,"skipped":0,"pct":0},"branches":{"total":0,"covered":0,"skipped":0,"pct":100}}
,"C:\\Users\\dylan\\Documents\\projects\\wiigit-whiteboard\\smart-whiteboard\\src\\components\\AgentManager.tsx": {"lines":{"total":84,"covered":0,"skipped":0,"pct":0},"functions":{"total":38,"covered":0,"skipped":0,"pct":0},"statements":{"total":102,"covered":0,"skipped":0,"pct":0},"branches":{"total":62,"covered":0,"skipped":0,"pct":0}}
,"C:\\Users\\dylan\\Documents\\projects\\wiigit-whiteboard\\smart-whiteboard\\src\\components\\AuthGuard.tsx": {"lines":{"total":53,"covered":0,"skipped":0,"pct":0},"functions":{"total":13,"covered":0,"skipped":0,"pct":0},"statements":{"total":59,"covered":0,"skipped":0,"pct":0},"branches":{"total":27,"covered":0,"skipped":0,"pct":0}}
,"C:\\Users\\dylan\\Documents\\projects\\wiigit-whiteboard\\smart-whiteboard\\src\\components\\BackgroundPicker.tsx": {"lines":{"total":96,"covered":0,"skipped":0,"pct":0},"functions":{"total":39,"covered":0,"skipped":0,"pct":0},"statements":{"total":108,"covered":0,"skipped":0,"pct":0},"branches":{"total":116,"covered":0,"skipped":0,"pct":0}}
,"C:\\Users\\dylan\\Documents\\projects\\wiigit-whiteboard\\smart-whiteboard\\src\\components\\BoardContextMenu.tsx": {"lines":{"total":50,"covered":0,"skipped":0,"pct":0},"functions":{"total":27,"covered":0,"skipped":0,"pct":0},"statements":{"total":75,"covered":0,"skipped":0,"pct":0},"branches":{"total":47,"covered":0,"skipped":0,"pct":0}}
,"C:\\Users\\dylan\\Documents\\projects\\wiigit-whiteboard\\smart-whiteboard\\src\\components\\BoardMenu.tsx": {"lines":{"total":43,"covered":0,"skipped":0,"pct":0},"functions":{"total":21,"covered":0,"skipped":0,"pct":0},"statements":{"total":57,"covered":0,"skipped":0,"pct":0},"branches":{"total":46,"covered":0,"skipped":0,"pct":0}}
,"C:\\Users\\dylan\\Documents\\projects\\wiigit-whiteboard\\smart-whiteboard\\src\\components\\BoardNav.tsx": {"lines":{"total":32,"covered":0,"skipped":0,"pct":0},"functions":{"total":14,"covered":0,"skipped":0,"pct":0},"statements":{"total":41,"covered":0,"skipped":0,"pct":0},"branches":{"total":26,"covered":0,"skipped":0,"pct":0}}
,"C:\\Users\\dylan\\Documents\\projects\\wiigit-whiteboard\\smart-whiteboard\\src\\components\\BoardSettingsPanel.tsx": {"lines":{"total":45,"covered":0,"skipped":0,"pct":0},"functions":{"total":23,"covered":0,"skipped":0,"pct":0},"statements":{"total":55,"covered":0,"skipped":0,"pct":0},"branches":{"total":48,"covered":0,"skipped":0,"pct":0}}
,"C:\\Users\\dylan\\Documents\\projects\\wiigit-whiteboard\\smart-whiteboard\\src\\components\\BoardThumbnail.tsx": {"lines":{"total":9,"covered":0,"skipped":0,"pct":0},"functions":{"total":5,"covered":0,"skipped":0,"pct":0},"statements":{"total":12,"covered":0,"skipped":0,"pct":0},"branches":{"total":8,"covered":0,"skipped":0,"pct":0}}
,"C:\\Users\\dylan\\Documents\\projects\\wiigit-whiteboard\\smart-whiteboard\\src\\components\\BottomToolbar.tsx": {"lines":{"total":58,"covered":0,"skipped":0,"pct":0},"functions":{"total":26,"covered":0,"skipped":0,"pct":0},"statements":{"total":76,"covered":0,"skipped":0,"pct":0},"branches":{"total":60,"covered":0,"skipped":0,"pct":0}}
,"C:\\Users\\dylan\\Documents\\projects\\wiigit-whiteboard\\smart-whiteboard\\src\\components\\CalendarBoardView.tsx": {"lines":{"total":275,"covered":0,"skipped":0,"pct":0},"functions":{"total":116,"covered":0,"skipped":0,"pct":0},"statements":{"total":334,"covered":0,"skipped":0,"pct":0},"branches":{"total":265,"covered":0,"skipped":0,"pct":0}}
,"C:\\Users\\dylan\\Documents\\projects\\wiigit-whiteboard\\smart-whiteboard\\src\\components\\ConfigPanel.tsx": {"lines":{"total":50,"covered":0,"skipped":0,"pct":0},"functions":{"total":25,"covered":0,"skipped":0,"pct":0},"statements":{"total":54,"covered":0,"skipped":0,"pct":0},"branches":{"total":40,"covered":0,"skipped":0,"pct":0}}
,"C:\\Users\\dylan\\Documents\\projects\\wiigit-whiteboard\\smart-whiteboard\\src\\components\\ConnectorsBoardView.tsx": {"lines":{"total":164,"covered":0,"skipped":0,"pct":0},"functions":{"total":69,"covered":0,"skipped":0,"pct":0},"statements":{"total":180,"covered":0,"skipped":0,"pct":0},"branches":{"total":128,"covered":0,"skipped":0,"pct":0}}
,"C:\\Users\\dylan\\Documents\\projects\\wiigit-whiteboard\\smart-whiteboard\\src\\components\\DatabasePicker.tsx": {"lines":{"total":172,"covered":0,"skipped":0,"pct":0},"functions":{"total":66,"covered":0,"skipped":0,"pct":0},"statements":{"total":226,"covered":0,"skipped":0,"pct":0},"branches":{"total":137,"covered":0,"skipped":0,"pct":0}}
,"C:\\Users\\dylan\\Documents\\projects\\wiigit-whiteboard\\smart-whiteboard\\src\\components\\DrawingCanvas.tsx": {"lines":{"total":85,"covered":0,"skipped":0,"pct":0},"functions":{"total":16,"covered":0,"skipped":0,"pct":0},"statements":{"total":101,"covered":0,"skipped":0,"pct":0},"branches":{"total":42,"covered":0,"skipped":0,"pct":0}}
,"C:\\Users\\dylan\\Documents\\projects\\wiigit-whiteboard\\smart-whiteboard\\src\\components\\ErrorBoundary.tsx": {"lines":{"total":7,"covered":0,"skipped":0,"pct":0},"functions":{"total":4,"covered":0,"skipped":0,"pct":0},"statements":{"total":7,"covered":0,"skipped":0,"pct":0},"branches":{"total":4,"covered":0,"skipped":0,"pct":0}}
,"C:\\Users\\dylan\\Documents\\projects\\wiigit-whiteboard\\smart-whiteboard\\src\\components\\FeedbackBoardView.tsx": {"lines":{"total":120,"covered":0,"skipped":0,"pct":0},"functions":{"total":44,"covered":0,"skipped":0,"pct":0},"statements":{"total":135,"covered":0,"skipped":0,"pct":0},"branches":{"total":109,"covered":0,"skipped":0,"pct":0}}
,"C:\\Users\\dylan\\Documents\\projects\\wiigit-whiteboard\\smart-whiteboard\\src\\components\\KioskGuard.tsx": {"lines":{"total":7,"covered":0,"skipped":0,"pct":0},"functions":{"total":2,"covered":0,"skipped":0,"pct":0},"statements":{"total":7,"covered":0,"skipped":0,"pct":0},"branches":{"total":4,"covered":0,"skipped":0,"pct":0}}
,"C:\\Users\\dylan\\Documents\\projects\\wiigit-whiteboard\\smart-whiteboard\\src\\components\\LayoutPicker.tsx": {"lines":{"total":124,"covered":0,"skipped":0,"pct":0},"functions":{"total":66,"covered":0,"skipped":0,"pct":0},"statements":{"total":156,"covered":0,"skipped":0,"pct":0},"branches":{"total":126,"covered":0,"skipped":0,"pct":0}}
,"C:\\Users\\dylan\\Documents\\projects\\wiigit-whiteboard\\smart-whiteboard\\src\\components\\LoginScreen.tsx": {"lines":{"total":41,"covered":0,"skipped":0,"pct":0},"functions":{"total":10,"covered":0,"skipped":0,"pct":0},"statements":{"total":54,"covered":0,"skipped":0,"pct":0},"branches":{"total":46,"covered":0,"skipped":0,"pct":0}}
,"C:\\Users\\dylan\\Documents\\projects\\wiigit-whiteboard\\smart-whiteboard\\src\\components\\Logo.tsx": {"lines":{"total":1,"covered":0,"skipped":0,"pct":0},"functions":{"total":1,"covered":0,"skipped":0,"pct":0},"statements":{"total":1,"covered":0,"skipped":0,"pct":0},"branches":{"total":1,"covered":0,"skipped":0,"pct":0}}
,"C:\\Users\\dylan\\Documents\\projects\\wiigit-whiteboard\\smart-whiteboard\\src\\components\\LogoSettings.tsx": {"lines":{"total":1,"covered":0,"skipped":0,"pct":0},"functions":{"total":1,"covered":0,"skipped":0,"pct":0},"statements":{"total":1,"covered":0,"skipped":0,"pct":0},"branches":{"total":2,"covered":0,"skipped":0,"pct":0}}
,"C:\\Users\\dylan\\Documents\\projects\\wiigit-whiteboard\\smart-whiteboard\\src\\components\\NetworkStatusBanner.tsx": {"lines":{"total":1,"covered":0,"skipped":0,"pct":0},"functions":{"total":1,"covered":0,"skipped":0,"pct":0},"statements":{"total":1,"covered":0,"skipped":0,"pct":0},"branches":{"total":0,"covered":0,"skipped":0,"pct":100}}
,"C:\\Users\\dylan\\Documents\\projects\\wiigit-whiteboard\\smart-whiteboard\\src\\components\\NotificationCenter.tsx": {"lines":{"total":54,"covered":0,"skipped":0,"pct":0},"functions":{"total":26,"covered":0,"skipped":0,"pct":0},"statements":{"total":71,"covered":0,"skipped":0,"pct":0},"branches":{"total":55,"covered":0,"skipped":0,"pct":0}}
,"C:\\Users\\dylan\\Documents\\projects\\wiigit-whiteboard\\smart-whiteboard\\src\\components\\NotificationToast.tsx": {"lines":{"total":24,"covered":0,"skipped":0,"pct":0},"functions":{"total":19,"covered":0,"skipped":0,"pct":0},"statements":{"total":38,"covered":0,"skipped":0,"pct":0},"branches":{"total":14,"covered":0,"skipped":0,"pct":0}}
,"C:\\Users\\dylan\\Documents\\projects\\wiigit-whiteboard\\smart-whiteboard\\src\\components\\PetBar.tsx": {"lines":{"total":16,"covered":0,"skipped":0,"pct":0},"functions":{"total":12,"covered":0,"skipped":0,"pct":0},"statements":{"total":20,"covered":0,"skipped":0,"pct":0},"branches":{"total":10,"covered":0,"skipped":0,"pct":0}}
,"C:\\Users\\dylan\\Documents\\projects\\wiigit-whiteboard\\smart-whiteboard\\src\\components\\Pill.tsx": {"lines":{"total":2,"covered":0,"skipped":0,"pct":0},"functions":{"total":1,"covered":0,"skipped":0,"pct":0},"statements":{"total":2,"covered":0,"skipped":0,"pct":0},"branches":{"total":0,"covered":0,"skipped":0,"pct":100}}
,"C:\\Users\\dylan\\Documents\\projects\\wiigit-whiteboard\\smart-whiteboard\\src\\components\\ProviderIcon.tsx": {"lines":{"total":7,"covered":0,"skipped":0,"pct":0},"functions":{"total":2,"covered":0,"skipped":0,"pct":0},"statements":{"total":9,"covered":0,"skipped":0,"pct":0},"branches":{"total":7,"covered":0,"skipped":0,"pct":0}}
,"C:\\Users\\dylan\\Documents\\projects\\wiigit-whiteboard\\smart-whiteboard\\src\\components\\SchedulePanel.tsx": {"lines":{"total":41,"covered":0,"skipped":0,"pct":0},"functions":{"total":27,"covered":0,"skipped":0,"pct":0},"statements":{"total":46,"covered":0,"skipped":0,"pct":0},"branches":{"total":50,"covered":0,"skipped":0,"pct":0}}
,"C:\\Users\\dylan\\Documents\\projects\\wiigit-whiteboard\\smart-whiteboard\\src\\components\\Screensaver.tsx": {"lines":{"total":45,"covered":0,"skipped":0,"pct":0},"functions":{"total":14,"covered":0,"skipped":0,"pct":0},"statements":{"total":58,"covered":0,"skipped":0,"pct":0},"branches":{"total":18,"covered":0,"skipped":0,"pct":0}}
,"C:\\Users\\dylan\\Documents\\projects\\wiigit-whiteboard\\smart-whiteboard\\src\\components\\SettingsBoardView.tsx": {"lines":{"total":35,"covered":0,"skipped":0,"pct":0},"functions":{"total":21,"covered":0,"skipped":0,"pct":0},"statements":{"total":38,"covered":0,"skipped":0,"pct":0},"branches":{"total":40,"covered":0,"skipped":0,"pct":0}}
,"C:\\Users\\dylan\\Documents\\projects\\wiigit-whiteboard\\smart-whiteboard\\src\\components\\SettingsPanel.tsx": {"lines":{"total":42,"covered":0,"skipped":0,"pct":0},"functions":{"total":22,"covered":0,"skipped":0,"pct":0},"statements":{"total":51,"covered":0,"skipped":0,"pct":0},"branches":{"total":57,"covered":0,"skipped":0,"pct":0}}
,"C:\\Users\\dylan\\Documents\\projects\\wiigit-whiteboard\\smart-whiteboard\\src\\components\\Sidebar.tsx": {"lines":{"total":70,"covered":0,"skipped":0,"pct":0},"functions":{"total":34,"covered":0,"skipped":0,"pct":0},"statements":{"total":87,"covered":0,"skipped":0,"pct":0},"branches":{"total":99,"covered":0,"skipped":0,"pct":0}}
,"C:\\Users\\dylan\\Documents\\projects\\wiigit-whiteboard\\smart-whiteboard\\src\\components\\TemplatePicker.tsx": {"lines":{"total":24,"covered":0,"skipped":0,"pct":0},"functions":{"total":10,"covered":0,"skipped":0,"pct":0},"statements":{"total":30,"covered":0,"skipped":0,"pct":0},"branches":{"total":12,"covered":0,"skipped":0,"pct":0}}
,"C:\\Users\\dylan\\Documents\\projects\\wiigit-whiteboard\\smart-whiteboard\\src\\components\\ThemePicker.tsx": {"lines":{"total":11,"covered":0,"skipped":0,"pct":0},"functions":{"total":7,"covered":0,"skipped":0,"pct":0},"statements":{"total":13,"covered":0,"skipped":0,"pct":0},"branches":{"total":16,"covered":0,"skipped":0,"pct":0}}
,"C:\\Users\\dylan\\Documents\\projects\\wiigit-whiteboard\\smart-whiteboard\\src\\components\\TodayBoardView.tsx": {"lines":{"total":71,"covered":0,"skipped":0,"pct":0},"functions":{"total":23,"covered":0,"skipped":0,"pct":0},"statements":{"total":93,"covered":0,"skipped":0,"pct":0},"branches":{"total":86,"covered":0,"skipped":0,"pct":0}}
,"C:\\Users\\dylan\\Documents\\projects\\wiigit-whiteboard\\smart-whiteboard\\src\\components\\TodoBoardView.tsx": {"lines":{"total":113,"covered":0,"skipped":0,"pct":0},"functions":{"total":57,"covered":0,"skipped":0,"pct":0},"statements":{"total":133,"covered":0,"skipped":0,"pct":0},"branches":{"total":113,"covered":0,"skipped":0,"pct":0}}
,"C:\\Users\\dylan\\Documents\\projects\\wiigit-whiteboard\\smart-whiteboard\\src\\components\\UndoToast.tsx": {"lines":{"total":35,"covered":0,"skipped":0,"pct":0},"functions":{"total":8,"covered":0,"skipped":0,"pct":0},"statements":{"total":46,"covered":0,"skipped":0,"pct":0},"branches":{"total":28,"covered":0,"skipped":0,"pct":0}}
,"C:\\Users\\dylan\\Documents\\projects\\wiigit-whiteboard\\smart-whiteboard\\src\\components\\VoiceListener.tsx": {"lines":{"total":77,"covered":0,"skipped":0,"pct":0},"functions":{"total":31,"covered":0,"skipped":0,"pct":0},"statements":{"total":102,"covered":0,"skipped":0,"pct":0},"branches":{"total":101,"covered":0,"skipped":0,"pct":0}}
,"C:\\Users\\dylan\\Documents\\projects\\wiigit-whiteboard\\smart-whiteboard\\src\\components\\WalliChat.tsx": {"lines":{"total":7,"covered":0,"skipped":0,"pct":0},"functions":{"total":7,"covered":0,"skipped":0,"pct":0},"statements":{"total":13,"covered":0,"skipped":0,"pct":0},"branches":{"total":11,"covered":0,"skipped":0,"pct":0}}
,"C:\\Users\\dylan\\Documents\\projects\\wiigit-whiteboard\\smart-whiteboard\\src\\components\\Whiteboard.tsx": {"lines":{"total":83,"covered":0,"skipped":0,"pct":0},"functions":{"total":37,"covered":0,"skipped":0,"pct":0},"statements":{"total":104,"covered":0,"skipped":0,"pct":0},"branches":{"total":93,"covered":0,"skipped":0,"pct":0}}
,"C:\\Users\\dylan\\Documents\\projects\\wiigit-whiteboard\\smart-whiteboard\\src\\components\\WhiteboardBackground.tsx": {"lines":{"total":62,"covered":0,"skipped":0,"pct":0},"functions":{"total":17,"covered":0,"skipped":0,"pct":0},"statements":{"total":72,"covered":0,"skipped":0,"pct":0},"branches":{"total":77,"covered":0,"skipped":0,"pct":0}}
,"C:\\Users\\dylan\\Documents\\projects\\wiigit-whiteboard\\smart-whiteboard\\src\\components\\Widget.tsx": {"lines":{"total":224,"covered":0,"skipped":0,"pct":0},"functions":{"total":59,"covered":0,"skipped":0,"pct":0},"statements":{"total":300,"covered":0,"skipped":0,"pct":0},"branches":{"total":300,"covered":0,"skipped":0,"pct":0}}
,"C:\\Users\\dylan\\Documents\\projects\\wiigit-whiteboard\\smart-whiteboard\\src\\components\\WidgetCanvas.tsx": {"lines":{"total":93,"covered":0,"skipped":0,"pct":0},"functions":{"total":20,"covered":0,"skipped":0,"pct":0},"statements":{"total":108,"covered":0,"skipped":0,"pct":0},"branches":{"total":85,"covered":0,"skipped":0,"pct":0}}
,"C:\\Users\\dylan\\Documents\\projects\\wiigit-whiteboard\\smart-whiteboard\\src\\components\\layout\\LayoutPicker.tsx": {"lines":{"total":38,"covered":0,"skipped":0,"pct":0},"functions":{"total":19,"covered":0,"skipped":0,"pct":0},"statements":{"total":49,"covered":0,"skipped":0,"pct":0},"branches":{"total":40,"covered":0,"skipped":0,"pct":0}}
,"C:\\Users\\dylan\\Documents\\projects\\wiigit-whiteboard\\smart-whiteboard\\src\\components\\layout\\LayoutSlot.tsx": {"lines":{"total":5,"covered":0,"skipped":0,"pct":0},"functions":{"total":1,"covered":0,"skipped":0,"pct":0},"statements":{"total":6,"covered":0,"skipped":0,"pct":0},"branches":{"total":19,"covered":0,"skipped":0,"pct":0}}
,"C:\\Users\\dylan\\Documents\\projects\\wiigit-whiteboard\\smart-whiteboard\\src\\components\\layout\\LayoutSlots.tsx": {"lines":{"total":16,"covered":0,"skipped":0,"pct":0},"functions":{"total":8,"covered":0,"skipped":0,"pct":0},"statements":{"total":20,"covered":0,"skipped":0,"pct":0},"branches":{"total":12,"covered":0,"skipped":0,"pct":0}}
,"C:\\Users\\dylan\\Documents\\projects\\wiigit-whiteboard\\smart-whiteboard\\src\\components\\layout\\LayoutThumbnail.tsx": {"lines":{"total":14,"covered":0,"skipped":0,"pct":0},"functions":{"total":2,"covered":0,"skipped":0,"pct":0},"statements":{"total":14,"covered":0,"skipped":0,"pct":0},"branches":{"total":19,"covered":0,"skipped":0,"pct":0}}
,"C:\\Users\\dylan\\Documents\\projects\\wiigit-whiteboard\\smart-whiteboard\\src\\components\\pets\\PixelSprite.tsx": {"lines":{"total":8,"covered":0,"skipped":0,"pct":0},"functions":{"total":3,"covered":0,"skipped":0,"pct":0},"statements":{"total":9,"covered":0,"skipped":0,"pct":0},"branches":{"total":6,"covered":0,"skipped":0,"pct":0}}
,"C:\\Users\\dylan\\Documents\\projects\\wiigit-whiteboard\\smart-whiteboard\\src\\components\\pets\\WalkingPet.tsx": {"lines":{"total":56,"covered":0,"skipped":0,"pct":0},"functions":{"total":16,"covered":0,"skipped":0,"pct":0},"statements":{"total":74,"covered":0,"skipped":0,"pct":0},"branches":{"total":48,"covered":0,"skipped":0,"pct":0}}
,"C:\\Users\\dylan\\Documents\\projects\\wiigit-whiteboard\\smart-whiteboard\\src\\components\\pets\\sprites.ts": {"lines":{"total":16,"covered":0,"skipped":0,"pct":0},"functions":{"total":2,"covered":0,"skipped":0,"pct":0},"statements":{"total":28,"covered":0,"skipped":0,"pct":0},"branches":{"total":24,"covered":0,"skipped":0,"pct":0}}
,"C:\\Users\\dylan\\Documents\\projects\\wiigit-whiteboard\\smart-whiteboard\\src\\components\\widgets\\CalendarWidget.tsx": {"lines":{"total":96,"covered":35,"skipped":0,"pct":36.45},"functions":{"total":34,"covered":11,"skipped":0,"pct":32.35},"statements":{"total":120,"covered":42,"skipped":0,"pct":35},"branches":{"total":90,"covered":22,"skipped":0,"pct":24.44}}
,"C:\\Users\\dylan\\Documents\\projects\\wiigit-whiteboard\\smart-whiteboard\\src\\components\\widgets\\ClockSettings.tsx": {"lines":{"total":22,"covered":0,"skipped":0,"pct":0},"functions":{"total":16,"covered":0,"skipped":0,"pct":0},"statements":{"total":22,"covered":0,"skipped":0,"pct":0},"branches":{"total":32,"covered":0,"skipped":0,"pct":0}}
,"C:\\Users\\dylan\\Documents\\projects\\wiigit-whiteboard\\smart-whiteboard\\src\\components\\widgets\\ClockWidget.tsx": {"lines":{"total":94,"covered":78,"skipped":0,"pct":82.97},"functions":{"total":28,"covered":21,"skipped":0,"pct":75},"statements":{"total":107,"covered":83,"skipped":0,"pct":77.57},"branches":{"total":65,"covered":37,"skipped":0,"pct":56.92}}
,"C:\\Users\\dylan\\Documents\\projects\\wiigit-whiteboard\\smart-whiteboard\\src\\components\\widgets\\CountdownSettings.tsx": {"lines":{"total":5,"covered":0,"skipped":0,"pct":0},"functions":{"total":4,"covered":0,"skipped":0,"pct":0},"statements":{"total":5,"covered":0,"skipped":0,"pct":0},"branches":{"total":0,"covered":0,"skipped":0,"pct":100}}
,"C:\\Users\\dylan\\Documents\\projects\\wiigit-whiteboard\\smart-whiteboard\\src\\components\\widgets\\CountdownWidget.tsx": {"lines":{"total":32,"covered":32,"skipped":0,"pct":100},"functions":{"total":8,"covered":6,"skipped":0,"pct":75},"statements":{"total":37,"covered":34,"skipped":0,"pct":91.89},"branches":{"total":44,"covered":32,"skipped":0,"pct":72.72}}
,"C:\\Users\\dylan\\Documents\\projects\\wiigit-whiteboard\\smart-whiteboard\\src\\components\\widgets\\DatabaseWidget.tsx": {"lines":{"total":100,"covered":45,"skipped":0,"pct":45},"functions":{"total":34,"covered":12,"skipped":0,"pct":35.29},"statements":{"total":118,"covered":47,"skipped":0,"pct":39.83},"branches":{"total":132,"covered":39,"skipped":0,"pct":29.54}}
,"C:\\Users\\dylan\\Documents\\projects\\wiigit-whiteboard\\smart-whiteboard\\src\\components\\widgets\\GooglePhotosSettings.tsx": {"lines":{"total":15,"covered":0,"skipped":0,"pct":0},"functions":{"total":10,"covered":0,"skipped":0,"pct":0},"statements":{"total":15,"covered":0,"skipped":0,"pct":0},"branches":{"total":6,"covered":0,"skipped":0,"pct":0}}
,"C:\\Users\\dylan\\Documents\\projects\\wiigit-whiteboard\\smart-whiteboard\\src\\components\\widgets\\GooglePhotosWidget.tsx": {"lines":{"total":38,"covered":29,"skipped":0,"pct":76.31},"functions":{"total":13,"covered":9,"skipped":0,"pct":69.23},"statements":{"total":49,"covered":35,"skipped":0,"pct":71.42},"branches":{"total":23,"covered":13,"skipped":0,"pct":56.52}}
,"C:\\Users\\dylan\\Documents\\projects\\wiigit-whiteboard\\smart-whiteboard\\src\\components\\widgets\\HtmlWidget.tsx": {"lines":{"total":11,"covered":8,"skipped":0,"pct":72.72},"functions":{"total":2,"covered":2,"skipped":0,"pct":100},"statements":{"total":11,"covered":8,"skipped":0,"pct":72.72},"branches":{"total":10,"covered":6,"skipped":0,"pct":60}}
,"C:\\Users\\dylan\\Documents\\projects\\wiigit-whiteboard\\smart-whiteboard\\src\\components\\widgets\\ICalSettings.tsx": {"lines":{"total":9,"covered":0,"skipped":0,"pct":0},"functions":{"total":7,"covered":0,"skipped":0,"pct":0},"statements":{"total":9,"covered":0,"skipped":0,"pct":0},"branches":{"total":2,"covered":0,"skipped":0,"pct":0}}
,"C:\\Users\\dylan\\Documents\\projects\\wiigit-whiteboard\\smart-whiteboard\\src\\components\\widgets\\ICalWidget.tsx": {"lines":{"total":61,"covered":59,"skipped":0,"pct":96.72},"functions":{"total":17,"covered":16,"skipped":0,"pct":94.11},"statements":{"total":71,"covered":68,"skipped":0,"pct":95.77},"branches":{"total":59,"covered":45,"skipped":0,"pct":76.27}}
,"C:\\Users\\dylan\\Documents\\projects\\wiigit-whiteboard\\smart-whiteboard\\src\\components\\widgets\\NoteWidget.tsx": {"lines":{"total":22,"covered":12,"skipped":0,"pct":54.54},"functions":{"total":9,"covered":3,"skipped":0,"pct":33.33},"statements":{"total":26,"covered":12,"skipped":0,"pct":46.15},"branches":{"total":14,"covered":6,"skipped":0,"pct":42.85}}
,"C:\\Users\\dylan\\Documents\\projects\\wiigit-whiteboard\\smart-whiteboard\\src\\components\\widgets\\PomodoroWidget.tsx": {"lines":{"total":85,"covered":51,"skipped":0,"pct":60},"functions":{"total":23,"covered":10,"skipped":0,"pct":43.47},"statements":{"total":94,"covered":57,"skipped":0,"pct":60.63},"branches":{"total":22,"covered":5,"skipped":0,"pct":22.72}}
,"C:\\Users\\dylan\\Documents\\projects\\wiigit-whiteboard\\smart-whiteboard\\src\\components\\widgets\\QuoteSettings.tsx": {"lines":{"total":5,"covered":0,"skipped":0,"pct":0},"functions":{"total":4,"covered":0,"skipped":0,"pct":0},"statements":{"total":5,"covered":0,"skipped":0,"pct":0},"branches":{"total":0,"covered":0,"skipped":0,"pct":100}}
,"C:\\Users\\dylan\\Documents\\projects\\wiigit-whiteboard\\smart-whiteboard\\src\\components\\widgets\\QuoteWidget.tsx": {"lines":{"total":37,"covered":32,"skipped":0,"pct":86.48},"functions":{"total":9,"covered":7,"skipped":0,"pct":77.77},"statements":{"total":42,"covered":35,"skipped":0,"pct":83.33},"branches":{"total":23,"covered":16,"skipped":0,"pct":69.56}}
,"C:\\Users\\dylan\\Documents\\projects\\wiigit-whiteboard\\smart-whiteboard\\src\\components\\widgets\\RSSSettings.tsx": {"lines":{"total":10,"covered":0,"skipped":0,"pct":0},"functions":{"total":8,"covered":0,"skipped":0,"pct":0},"statements":{"total":10,"covered":0,"skipped":0,"pct":0},"branches":{"total":6,"covered":0,"skipped":0,"pct":0}}
,"C:\\Users\\dylan\\Documents\\projects\\wiigit-whiteboard\\smart-whiteboard\\src\\components\\widgets\\RSSWidget.tsx": {"lines":{"total":51,"covered":40,"skipped":0,"pct":78.43},"functions":{"total":13,"covered":9,"skipped":0,"pct":69.23},"statements":{"total":63,"covered":46,"skipped":0,"pct":73.01},"branches":{"total":50,"covered":30,"skipped":0,"pct":60}}
,"C:\\Users\\dylan\\Documents\\projects\\wiigit-whiteboard\\smart-whiteboard\\src\\components\\widgets\\RoutinesWidget.tsx": {"lines":{"total":63,"covered":39,"skipped":0,"pct":61.9},"functions":{"total":34,"covered":17,"skipped":0,"pct":50},"statements":{"total":92,"covered":53,"skipped":0,"pct":57.6},"branches":{"total":76,"covered":34,"skipped":0,"pct":44.73}}
,"C:\\Users\\dylan\\Documents\\projects\\wiigit-whiteboard\\smart-whiteboard\\src\\components\\widgets\\SplitSettings.tsx": {"lines":{"total":19,"covered":0,"skipped":0,"pct":0},"functions":{"total":11,"covered":0,"skipped":0,"pct":0},"statements":{"total":23,"covered":0,"skipped":0,"pct":0},"branches":{"total":23,"covered":0,"skipped":0,"pct":0}}
,"C:\\Users\\dylan\\Documents\\projects\\wiigit-whiteboard\\smart-whiteboard\\src\\components\\widgets\\SplitWidget.tsx": {"lines":{"total":50,"covered":28,"skipped":0,"pct":56},"functions":{"total":10,"covered":4,"skipped":0,"pct":40},"statements":{"total":52,"covered":28,"skipped":0,"pct":53.84},"branches":{"total":36,"covered":14,"skipped":0,"pct":38.88}}
,"C:\\Users\\dylan\\Documents\\projects\\wiigit-whiteboard\\smart-whiteboard\\src\\components\\widgets\\SportsSettings.tsx": {"lines":{"total":19,"covered":0,"skipped":0,"pct":0},"functions":{"total":16,"covered":0,"skipped":0,"pct":0},"statements":{"total":19,"covered":0,"skipped":0,"pct":0},"branches":{"total":4,"covered":0,"skipped":0,"pct":0}}
,"C:\\Users\\dylan\\Documents\\projects\\wiigit-whiteboard\\smart-whiteboard\\src\\components\\widgets\\SportsWidget.tsx": {"lines":{"total":72,"covered":10,"skipped":0,"pct":13.88},"functions":{"total":49,"covered":3,"skipped":0,"pct":6.12},"statements":{"total":78,"covered":13,"skipped":0,"pct":16.66},"branches":{"total":67,"covered":9,"skipped":0,"pct":13.43}}
,"C:\\Users\\dylan\\Documents\\projects\\wiigit-whiteboard\\smart-whiteboard\\src\\components\\widgets\\SpotifyWidget.tsx": {"lines":{"total":85,"covered":46,"skipped":0,"pct":54.11},"functions":{"total":35,"covered":12,"skipped":0,"pct":34.28},"statements":{"total":107,"covered":53,"skipped":0,"pct":49.53},"branches":{"total":94,"covered":26,"skipped":0,"pct":27.65}}
,"C:\\Users\\dylan\\Documents\\projects\\wiigit-whiteboard\\smart-whiteboard\\src\\components\\widgets\\StockTickerSettings.tsx": {"lines":{"total":19,"covered":0,"skipped":0,"pct":0},"functions":{"total":13,"covered":0,"skipped":0,"pct":0},"statements":{"total":23,"covered":0,"skipped":0,"pct":0},"branches":{"total":12,"covered":0,"skipped":0,"pct":0}}
,"C:\\Users\\dylan\\Documents\\projects\\wiigit-whiteboard\\smart-whiteboard\\src\\components\\widgets\\StockTickerWidget.tsx": {"lines":{"total":50,"covered":48,"skipped":0,"pct":96},"functions":{"total":11,"covered":11,"skipped":0,"pct":100},"statements":{"total":54,"covered":52,"skipped":0,"pct":96.29},"branches":{"total":53,"covered":45,"skipped":0,"pct":84.9}}
,"C:\\Users\\dylan\\Documents\\projects\\wiigit-whiteboard\\smart-whiteboard\\src\\components\\widgets\\TaskListWidget.tsx": {"lines":{"total":34,"covered":17,"skipped":0,"pct":50},"functions":{"total":17,"covered":5,"skipped":0,"pct":29.41},"statements":{"total":42,"covered":19,"skipped":0,"pct":45.23},"branches":{"total":58,"covered":37,"skipped":0,"pct":63.79}}
,"C:\\Users\\dylan\\Documents\\projects\\wiigit-whiteboard\\smart-whiteboard\\src\\components\\widgets\\TimersWidget.tsx": {"lines":{"total":56,"covered":22,"skipped":0,"pct":39.28},"functions":{"total":26,"covered":5,"skipped":0,"pct":19.23},"statements":{"total":64,"covered":23,"skipped":0,"pct":35.93},"branches":{"total":42,"covered":10,"skipped":0,"pct":23.8}}
,"C:\\Users\\dylan\\Documents\\projects\\wiigit-whiteboard\\smart-whiteboard\\src\\components\\widgets\\TodoistSettings.tsx": {"lines":{"total":12,"covered":0,"skipped":0,"pct":0},"functions":{"total":9,"covered":0,"skipped":0,"pct":0},"statements":{"total":12,"covered":0,"skipped":0,"pct":0},"branches":{"total":14,"covered":0,"skipped":0,"pct":0}}
,"C:\\Users\\dylan\\Documents\\projects\\wiigit-whiteboard\\smart-whiteboard\\src\\components\\widgets\\TodoistWidget.tsx": {"lines":{"total":88,"covered":62,"skipped":0,"pct":70.45},"functions":{"total":26,"covered":14,"skipped":0,"pct":53.84},"statements":{"total":108,"covered":71,"skipped":0,"pct":65.74},"branches":{"total":84,"covered":48,"skipped":0,"pct":57.14}}
,"C:\\Users\\dylan\\Documents\\projects\\wiigit-whiteboard\\smart-whiteboard\\src\\components\\widgets\\UrlWidget.tsx": {"lines":{"total":18,"covered":6,"skipped":0,"pct":33.33},"functions":{"total":8,"covered":1,"skipped":0,"pct":12.5},"statements":{"total":20,"covered":6,"skipped":0,"pct":30},"branches":{"total":22,"covered":8,"skipped":0,"pct":36.36}}
,"C:\\Users\\dylan\\Documents\\projects\\wiigit-whiteboard\\smart-whiteboard\\src\\components\\widgets\\WalliAgentWidget.tsx": {"lines":{"total":45,"covered":25,"skipped":0,"pct":55.55},"functions":{"total":15,"covered":6,"skipped":0,"pct":40},"statements":{"total":51,"covered":27,"skipped":0,"pct":52.94},"branches":{"total":59,"covered":20,"skipped":0,"pct":33.89}}
,"C:\\Users\\dylan\\Documents\\projects\\wiigit-whiteboard\\smart-whiteboard\\src\\components\\widgets\\WeatherSettings.tsx": {"lines":{"total":8,"covered":0,"skipped":0,"pct":0},"functions":{"total":7,"covered":0,"skipped":0,"pct":0},"statements":{"total":8,"covered":0,"skipped":0,"pct":0},"branches":{"total":0,"covered":0,"skipped":0,"pct":100}}
,"C:\\Users\\dylan\\Documents\\projects\\wiigit-whiteboard\\smart-whiteboard\\src\\components\\widgets\\WeatherWidget.tsx": {"lines":{"total":37,"covered":25,"skipped":0,"pct":67.56},"functions":{"total":4,"covered":4,"skipped":0,"pct":100},"statements":{"total":49,"covered":26,"skipped":0,"pct":53.06},"branches":{"total":46,"covered":21,"skipped":0,"pct":45.65}}
,"C:\\Users\\dylan\\Documents\\projects\\wiigit-whiteboard\\smart-whiteboard\\src\\components\\widgets\\WorldcupWidget.tsx": {"lines":{"total":97,"covered":32,"skipped":0,"pct":32.98},"functions":{"total":38,"covered":7,"skipped":0,"pct":18.42},"statements":{"total":112,"covered":34,"skipped":0,"pct":30.35},"branches":{"total":208,"covered":37,"skipped":0,"pct":17.78}}
,"C:\\Users\\dylan\\Documents\\projects\\wiigit-whiteboard\\smart-whiteboard\\src\\components\\widgets\\YouTubeWidget.tsx": {"lines":{"total":21,"covered":7,"skipped":0,"pct":33.33},"functions":{"total":8,"covered":1,"skipped":0,"pct":12.5},"statements":{"total":23,"covered":7,"skipped":0,"pct":30.43},"branches":{"total":18,"covered":6,"skipped":0,"pct":33.33}}
,"C:\\Users\\dylan\\Documents\\projects\\wiigit-whiteboard\\smart-whiteboard\\src\\components\\widgets\\registry.tsx": {"lines":{"total":13,"covered":0,"skipped":0,"pct":0},"functions":{"total":12,"covered":0,"skipped":0,"pct":0},"statements":{"total":17,"covered":0,"skipped":0,"pct":0},"branches":{"total":4,"covered":0,"skipped":0,"pct":0}}
,"C:\\Users\\dylan\\Documents\\projects\\wiigit-whiteboard\\smart-whiteboard\\src\\components\\widgets\\types.ts": {"lines":{"total":0,"covered":0,"skipped":0,"pct":100},"functions":{"total":0,"covered":0,"skipped":0,"pct":100},"statements":{"total":0,"covered":0,"skipped":0,"pct":100},"branches":{"total":0,"covered":0,"skipped":0,"pct":100}}
,"C:\\Users\\dylan\\Documents\\projects\\wiigit-whiteboard\\smart-whiteboard\\src\\components\\widgets\\__stories__\\WidgetDecorator.tsx": {"lines":{"total":18,"covered":0,"skipped":0,"pct":0},"functions":{"total":8,"covered":0,"skipped":0,"pct":0},"statements":{"total":21,"covered":0,"skipped":0,"pct":0},"branches":{"total":10,"covered":0,"skipped":0,"pct":0}}
,"C:\\Users\\dylan\\Documents\\projects\\wiigit-whiteboard\\smart-whiteboard\\src\\components\\widgets\\__tests__\\helpers.ts": {"lines":{"total":8,"covered":0,"skipped":0,"pct":0},"functions":{"total":4,"covered":0,"skipped":0,"pct":0},"statements":{"total":8,"covered":0,"skipped":0,"pct":0},"branches":{"total":6,"covered":0,"skipped":0,"pct":0}}
,"C:\\Users\\dylan\\Documents\\projects\\wiigit-whiteboard\\smart-whiteboard\\src\\components\\widgets\\notion-view\\NotionViewSettings.tsx": {"lines":{"total":36,"covered":0,"skipped":0,"pct":0},"functions":{"total":25,"covered":0,"skipped":0,"pct":0},"statements":{"total":39,"covered":0,"skipped":0,"pct":0},"branches":{"total":51,"covered":0,"skipped":0,"pct":0}}
,"C:\\Users\\dylan\\Documents\\projects\\wiigit-whiteboard\\smart-whiteboard\\src\\components\\widgets\\notion-view\\index.tsx": {"lines":{"total":191,"covered":0,"skipped":0,"pct":0},"functions":{"total":56,"covered":0,"skipped":0,"pct":0},"statements":{"total":226,"covered":0,"skipped":0,"pct":0},"branches":{"total":283,"covered":0,"skipped":0,"pct":0}}
,"C:\\Users\\dylan\\Documents\\projects\\wiigit-whiteboard\\smart-whiteboard\\src\\components\\widgets\\notion-view\\types.ts": {"lines":{"total":0,"covered":0,"skipped":0,"pct":100},"functions":{"total":0,"covered":0,"skipped":0,"pct":100},"statements":{"total":0,"covered":0,"skipped":0,"pct":100},"branches":{"total":0,"covered":0,"skipped":0,"pct":100}}
,"C:\\Users\\dylan\\Documents\\projects\\wiigit-whiteboard\\smart-whiteboard\\src\\components\\widgets\\notion-view\\utils.ts": {"lines":{"total":23,"covered":23,"skipped":0,"pct":100},"functions":{"total":4,"covered":4,"skipped":0,"pct":100},"statements":{"total":29,"covered":29,"skipped":0,"pct":100},"branches":{"total":55,"covered":55,"skipped":0,"pct":100}}
,"C:\\Users\\dylan\\Documents\\projects\\wiigit-whiteboard\\smart-whiteboard\\src\\constants\\backgrounds.ts": {"lines":{"total":2,"covered":2,"skipped":0,"pct":100},"functions":{"total":0,"covered":0,"skipped":0,"pct":100},"statements":{"total":2,"covered":2,"skipped":0,"pct":100},"branches":{"total":0,"covered":0,"skipped":0,"pct":100}}
,"C:\\Users\\dylan\\Documents\\projects\\wiigit-whiteboard\\smart-whiteboard\\src\\constants\\boardTemplates.ts": {"lines":{"total":1,"covered":1,"skipped":0,"pct":100},"functions":{"total":0,"covered":0,"skipped":0,"pct":100},"statements":{"total":1,"covered":1,"skipped":0,"pct":100},"branches":{"total":0,"covered":0,"skipped":0,"pct":100}}
,"C:\\Users\\dylan\\Documents\\projects\\wiigit-whiteboard\\smart-whiteboard\\src\\constants\\drawing.ts": {"lines":{"total":5,"covered":5,"skipped":0,"pct":100},"functions":{"total":0,"covered":0,"skipped":0,"pct":100},"statements":{"total":5,"covered":5,"skipped":0,"pct":100},"branches":{"total":0,"covered":0,"skipped":0,"pct":100}}
,"C:\\Users\\dylan\\Documents\\projects\\wiigit-whiteboard\\smart-whiteboard\\src\\constants\\schedulePresets.ts": {"lines":{"total":19,"covered":19,"skipped":0,"pct":100},"functions":{"total":5,"covered":5,"skipped":0,"pct":100},"statements":{"total":20,"covered":20,"skipped":0,"pct":100},"branches":{"total":17,"covered":17,"skipped":0,"pct":100}}
,"C:\\Users\\dylan\\Documents\\projects\\wiigit-whiteboard\\smart-whiteboard\\src\\hooks\\useCanvasSocket.ts": {"lines":{"total":105,"covered":0,"skipped":0,"pct":0},"functions":{"total":13,"covered":0,"skipped":0,"pct":0},"statements":{"total":114,"covered":0,"skipped":0,"pct":0},"branches":{"total":114,"covered":0,"skipped":0,"pct":0}}
,"C:\\Users\\dylan\\Documents\\projects\\wiigit-whiteboard\\smart-whiteboard\\src\\hooks\\useEventMutations.ts": {"lines":{"total":8,"covered":0,"skipped":0,"pct":0},"functions":{"total":4,"covered":0,"skipped":0,"pct":0},"statements":{"total":10,"covered":0,"skipped":0,"pct":0},"branches":{"total":4,"covered":0,"skipped":0,"pct":0}}
,"C:\\Users\\dylan\\Documents\\projects\\wiigit-whiteboard\\smart-whiteboard\\src\\hooks\\useGCal.ts": {"lines":{"total":17,"covered":0,"skipped":0,"pct":0},"functions":{"total":15,"covered":0,"skipped":0,"pct":0},"statements":{"total":18,"covered":0,"skipped":0,"pct":0},"branches":{"total":9,"covered":0,"skipped":0,"pct":0}}
,"C:\\Users\\dylan\\Documents\\projects\\wiigit-whiteboard\\smart-whiteboard\\src\\hooks\\useHashRouter.ts": {"lines":{"total":77,"covered":60,"skipped":0,"pct":77.92},"functions":{"total":24,"covered":20,"skipped":0,"pct":83.33},"statements":{"total":91,"covered":68,"skipped":0,"pct":74.72},"branches":{"total":59,"covered":33,"skipped":0,"pct":55.93}}
,"C:\\Users\\dylan\\Documents\\projects\\wiigit-whiteboard\\smart-whiteboard\\src\\hooks\\useKioskRefresh.ts": {"lines":{"total":4,"covered":4,"skipped":0,"pct":100},"functions":{"total":4,"covered":4,"skipped":0,"pct":100},"statements":{"total":6,"covered":6,"skipped":0,"pct":100},"branches":{"total":0,"covered":0,"skipped":0,"pct":100}}
,"C:\\Users\\dylan\\Documents\\projects\\wiigit-whiteboard\\smart-whiteboard\\src\\hooks\\useLayout.ts": {"lines":{"total":25,"covered":25,"skipped":0,"pct":100},"functions":{"total":10,"covered":10,"skipped":0,"pct":100},"statements":{"total":31,"covered":31,"skipped":0,"pct":100},"branches":{"total":20,"covered":19,"skipped":0,"pct":95}}
,"C:\\Users\\dylan\\Documents\\projects\\wiigit-whiteboard\\smart-whiteboard\\src\\hooks\\useNetworkStatus.ts": {"lines":{"total":10,"covered":10,"skipped":0,"pct":100},"functions":{"total":5,"covered":5,"skipped":0,"pct":100},"statements":{"total":10,"covered":10,"skipped":0,"pct":100},"branches":{"total":0,"covered":0,"skipped":0,"pct":100}}
,"C:\\Users\\dylan\\Documents\\projects\\wiigit-whiteboard\\smart-whiteboard\\src\\hooks\\useNotion.ts": {"lines":{"total":42,"covered":0,"skipped":0,"pct":0},"functions":{"total":30,"covered":0,"skipped":0,"pct":0},"statements":{"total":44,"covered":0,"skipped":0,"pct":0},"branches":{"total":16,"covered":0,"skipped":0,"pct":0}}
,"C:\\Users\\dylan\\Documents\\projects\\wiigit-whiteboard\\smart-whiteboard\\src\\hooks\\useScheduleEngine.ts": {"lines":{"total":17,"covered":17,"skipped":0,"pct":100},"functions":{"total":5,"covered":5,"skipped":0,"pct":100},"statements":{"total":24,"covered":24,"skipped":0,"pct":100},"branches":{"total":12,"covered":12,"skipped":0,"pct":100}}
,"C:\\Users\\dylan\\Documents\\projects\\wiigit-whiteboard\\smart-whiteboard\\src\\hooks\\useSports.ts": {"lines":{"total":20,"covered":0,"skipped":0,"pct":0},"functions":{"total":12,"covered":0,"skipped":0,"pct":0},"statements":{"total":24,"covered":0,"skipped":0,"pct":0},"branches":{"total":22,"covered":0,"skipped":0,"pct":0}}
,"C:\\Users\\dylan\\Documents\\projects\\wiigit-whiteboard\\smart-whiteboard\\src\\hooks\\useSpotify.ts": {"lines":{"total":10,"covered":10,"skipped":0,"pct":100},"functions":{"total":5,"covered":5,"skipped":0,"pct":100},"statements":{"total":13,"covered":13,"skipped":0,"pct":100},"branches":{"total":4,"covered":4,"skipped":0,"pct":100}}
,"C:\\Users\\dylan\\Documents\\projects\\wiigit-whiteboard\\smart-whiteboard\\src\\hooks\\useTaskMutations.ts": {"lines":{"total":16,"covered":0,"skipped":0,"pct":0},"functions":{"total":8,"covered":0,"skipped":0,"pct":0},"statements":{"total":20,"covered":0,"skipped":0,"pct":0},"branches":{"total":8,"covered":0,"skipped":0,"pct":0}}
,"C:\\Users\\dylan\\Documents\\projects\\wiigit-whiteboard\\smart-whiteboard\\src\\hooks\\useTasks.ts": {"lines":{"total":19,"covered":0,"skipped":0,"pct":0},"functions":{"total":15,"covered":0,"skipped":0,"pct":0},"statements":{"total":21,"covered":0,"skipped":0,"pct":0},"branches":{"total":8,"covered":0,"skipped":0,"pct":0}}
,"C:\\Users\\dylan\\Documents\\projects\\wiigit-whiteboard\\smart-whiteboard\\src\\hooks\\useUnifiedEvents.ts": {"lines":{"total":21,"covered":0,"skipped":0,"pct":0},"functions":{"total":13,"covered":0,"skipped":0,"pct":0},"statements":{"total":24,"covered":0,"skipped":0,"pct":0},"branches":{"total":8,"covered":0,"skipped":0,"pct":0}}
,"C:\\Users\\dylan\\Documents\\projects\\wiigit-whiteboard\\smart-whiteboard\\src\\hooks\\useUnifiedTasks.ts": {"lines":{"total":25,"covered":0,"skipped":0,"pct":0},"functions":{"total":14,"covered":0,"skipped":0,"pct":0},"statements":{"total":28,"covered":0,"skipped":0,"pct":0},"branches":{"total":8,"covered":0,"skipped":0,"pct":0}}
,"C:\\Users\\dylan\\Documents\\projects\\wiigit-whiteboard\\smart-whiteboard\\src\\hooks\\useVoice.ts": {"lines":{"total":175,"covered":0,"skipped":0,"pct":0},"functions":{"total":31,"covered":0,"skipped":0,"pct":0},"statements":{"total":214,"covered":0,"skipped":0,"pct":0},"branches":{"total":76,"covered":0,"skipped":0,"pct":0}}
,"C:\\Users\\dylan\\Documents\\projects\\wiigit-whiteboard\\smart-whiteboard\\src\\hooks\\useWeather.ts": {"lines":{"total":35,"covered":34,"skipped":0,"pct":97.14},"functions":{"total":10,"covered":8,"skipped":0,"pct":80},"statements":{"total":45,"covered":42,"skipped":0,"pct":93.33},"branches":{"total":39,"covered":33,"skipped":0,"pct":84.61}}
,"C:\\Users\\dylan\\Documents\\projects\\wiigit-whiteboard\\smart-whiteboard\\src\\hooks\\useWiigitTasks.ts": {"lines":{"total":11,"covered":0,"skipped":0,"pct":0},"functions":{"total":8,"covered":0,"skipped":0,"pct":0},"statements":{"total":11,"covered":0,"skipped":0,"pct":0},"branches":{"total":6,"covered":0,"skipped":0,"pct":0}}
,"C:\\Users\\dylan\\Documents\\projects\\wiigit-whiteboard\\smart-whiteboard\\src\\layouts\\presets.ts": {"lines":{"total":3,"covered":3,"skipped":0,"pct":100},"functions":{"total":2,"covered":2,"skipped":0,"pct":100},"statements":{"total":4,"covered":4,"skipped":0,"pct":100},"branches":{"total":2,"covered":2,"skipped":0,"pct":100}}
,"C:\\Users\\dylan\\Documents\\projects\\wiigit-whiteboard\\smart-whiteboard\\src\\lib\\analytics.ts": {"lines":{"total":11,"covered":7,"skipped":0,"pct":63.63},"functions":{"total":3,"covered":1,"skipped":0,"pct":33.33},"statements":{"total":14,"covered":7,"skipped":0,"pct":50},"branches":{"total":10,"covered":4,"skipped":0,"pct":40}}
,"C:\\Users\\dylan\\Documents\\projects\\wiigit-whiteboard\\smart-whiteboard\\src\\lib\\apiFetch.ts": {"lines":{"total":9,"covered":9,"skipped":0,"pct":100},"functions":{"total":2,"covered":2,"skipped":0,"pct":100},"statements":{"total":10,"covered":10,"skipped":0,"pct":100},"branches":{"total":6,"covered":6,"skipped":0,"pct":100}}
,"C:\\Users\\dylan\\Documents\\projects\\wiigit-whiteboard\\smart-whiteboard\\src\\lib\\db.ts": {"lines":{"total":39,"covered":27,"skipped":0,"pct":69.23},"functions":{"total":17,"covered":13,"skipped":0,"pct":76.47},"statements":{"total":54,"covered":32,"skipped":0,"pct":59.25},"branches":{"total":104,"covered":60,"skipped":0,"pct":57.69}}
,"C:\\Users\\dylan\\Documents\\projects\\wiigit-whiteboard\\smart-whiteboard\\src\\lib\\realtimeSync.ts": {"lines":{"total":51,"covered":4,"skipped":0,"pct":7.84},"functions":{"total":21,"covered":0,"skipped":0,"pct":0},"statements":{"total":63,"covered":4,"skipped":0,"pct":6.34},"branches":{"total":84,"covered":0,"skipped":0,"pct":0}}
,"C:\\Users\\dylan\\Documents\\projects\\wiigit-whiteboard\\smart-whiteboard\\src\\lib\\sounds.config.ts": {"lines":{"total":1,"covered":0,"skipped":0,"pct":0},"functions":{"total":0,"covered":0,"skipped":0,"pct":100},"statements":{"total":1,"covered":0,"skipped":0,"pct":0},"branches":{"total":0,"covered":0,"skipped":0,"pct":100}}
,"C:\\Users\\dylan\\Documents\\projects\\wiigit-whiteboard\\smart-whiteboard\\src\\lib\\sounds.ts": {"lines":{"total":149,"covered":137,"skipped":0,"pct":91.94},"functions":{"total":24,"covered":21,"skipped":0,"pct":87.5},"statements":{"total":154,"covered":141,"skipped":0,"pct":91.55},"branches":{"total":16,"covered":13,"skipped":0,"pct":81.25}}
,"C:\\Users\\dylan\\Documents\\projects\\wiigit-whiteboard\\smart-whiteboard\\src\\lib\\supabase.ts": {"lines":{"total":3,"covered":0,"skipped":0,"pct":0},"functions":{"total":0,"covered":0,"skipped":0,"pct":100},"statements":{"total":3,"covered":0,"skipped":0,"pct":0},"branches":{"total":0,"covered":0,"skipped":0,"pct":100}}
,"C:\\Users\\dylan\\Documents\\projects\\wiigit-whiteboard\\smart-whiteboard\\src\\lib\\syncBoards.ts": {"lines":{"total":92,"covered":76,"skipped":0,"pct":82.6},"functions":{"total":23,"covered":19,"skipped":0,"pct":82.6},"statements":{"total":111,"covered":90,"skipped":0,"pct":81.08},"branches":{"total":62,"covered":48,"skipped":0,"pct":77.41}}
,"C:\\Users\\dylan\\Documents\\projects\\wiigit-whiteboard\\smart-whiteboard\\src\\lib\\syncTheme.ts": {"lines":{"total":12,"covered":12,"skipped":0,"pct":100},"functions":{"total":4,"covered":4,"skipped":0,"pct":100},"statements":{"total":13,"covered":13,"skipped":0,"pct":100},"branches":{"total":4,"covered":4,"skipped":0,"pct":100}}
,"C:\\Users\\dylan\\Documents\\projects\\wiigit-whiteboard\\smart-whiteboard\\src\\plugins\\loader.ts": {"lines":{"total":12,"covered":0,"skipped":0,"pct":0},"functions":{"total":1,"covered":0,"skipped":0,"pct":0},"statements":{"total":13,"covered":0,"skipped":0,"pct":0},"branches":{"total":2,"covered":0,"skipped":0,"pct":0}}
,"C:\\Users\\dylan\\Documents\\projects\\wiigit-whiteboard\\smart-whiteboard\\src\\providers\\index.ts": {"lines":{"total":4,"covered":4,"skipped":0,"pct":100},"functions":{"total":2,"covered":2,"skipped":0,"pct":100},"statements":{"total":4,"covered":4,"skipped":0,"pct":100},"branches":{"total":0,"covered":0,"skipped":0,"pct":100}}
,"C:\\Users\\dylan\\Documents\\projects\\wiigit-whiteboard\\smart-whiteboard\\src\\providers\\types.ts": {"lines":{"total":0,"covered":0,"skipped":0,"pct":100},"functions":{"total":0,"covered":0,"skipped":0,"pct":100},"statements":{"total":0,"covered":0,"skipped":0,"pct":100},"branches":{"total":0,"covered":0,"skipped":0,"pct":100}}
,"C:\\Users\\dylan\\Documents\\projects\\wiigit-whiteboard\\smart-whiteboard\\src\\providers\\events\\builtin.ts": {"lines":{"total":14,"covered":4,"skipped":0,"pct":28.57},"functions":{"total":7,"covered":1,"skipped":0,"pct":14.28},"statements":{"total":17,"covered":4,"skipped":0,"pct":23.52},"branches":{"total":10,"covered":0,"skipped":0,"pct":0}}
,"C:\\Users\\dylan\\Documents\\projects\\wiigit-whiteboard\\smart-whiteboard\\src\\providers\\events\\gcal.ts": {"lines":{"total":40,"covered":7,"skipped":0,"pct":17.5},"functions":{"total":15,"covered":0,"skipped":0,"pct":0},"statements":{"total":43,"covered":7,"skipped":0,"pct":16.27},"branches":{"total":33,"covered":0,"skipped":0,"pct":0}}
,"C:\\Users\\dylan\\Documents\\projects\\wiigit-whiteboard\\smart-whiteboard\\src\\providers\\events\\ical.ts": {"lines":{"total":21,"covered":4,"skipped":0,"pct":19.04},"functions":{"total":8,"covered":0,"skipped":0,"pct":0},"statements":{"total":24,"covered":4,"skipped":0,"pct":16.66},"branches":{"total":11,"covered":0,"skipped":0,"pct":0}}
,"C:\\Users\\dylan\\Documents\\projects\\wiigit-whiteboard\\smart-whiteboard\\src\\providers\\tasks\\builtin.ts": {"lines":{"total":14,"covered":14,"skipped":0,"pct":100},"functions":{"total":9,"covered":9,"skipped":0,"pct":100},"statements":{"total":18,"covered":18,"skipped":0,"pct":100},"branches":{"total":12,"covered":11,"skipped":0,"pct":91.66}}
,"C:\\Users\\dylan\\Documents\\projects\\wiigit-whiteboard\\smart-whiteboard\\src\\providers\\tasks\\gtasks.ts": {"lines":{"total":36,"covered":5,"skipped":0,"pct":13.88},"functions":{"total":13,"covered":0,"skipped":0,"pct":0},"statements":{"total":41,"covered":5,"skipped":0,"pct":12.19},"branches":{"total":20,"covered":0,"skipped":0,"pct":0}}
,"C:\\Users\\dylan\\Documents\\projects\\wiigit-whiteboard\\smart-whiteboard\\src\\providers\\tasks\\todoist.ts": {"lines":{"total":40,"covered":7,"skipped":0,"pct":17.5},"functions":{"total":13,"covered":0,"skipped":0,"pct":0},"statements":{"total":44,"covered":7,"skipped":0,"pct":15.9},"branches":{"total":24,"covered":0,"skipped":0,"pct":0}}
,"C:\\Users\\dylan\\Documents\\projects\\wiigit-whiteboard\\smart-whiteboard\\src\\sdk\\index.ts": {"lines":{"total":0,"covered":0,"skipped":0,"pct":100},"functions":{"total":0,"covered":0,"skipped":0,"pct":100},"statements":{"total":0,"covered":0,"skipped":0,"pct":100},"branches":{"total":0,"covered":0,"skipped":0,"pct":100}}
,"C:\\Users\\dylan\\Documents\\projects\\wiigit-whiteboard\\smart-whiteboard\\src\\sdk\\types.ts": {"lines":{"total":0,"covered":0,"skipped":0,"pct":100},"functions":{"total":0,"covered":0,"skipped":0,"pct":100},"statements":{"total":0,"covered":0,"skipped":0,"pct":100},"branches":{"total":0,"covered":0,"skipped":0,"pct":100}}
,"C:\\Users\\dylan\\Documents\\projects\\wiigit-whiteboard\\smart-whiteboard\\src\\sdk\\useWidgetSettings.ts": {"lines":{"total":26,"covered":26,"skipped":0,"pct":100},"functions":{"total":9,"covered":9,"skipped":0,"pct":100},"statements":{"total":29,"covered":29,"skipped":0,"pct":100},"branches":{"total":14,"covered":12,"skipped":0,"pct":85.71}}
,"C:\\Users\\dylan\\Documents\\projects\\wiigit-whiteboard\\smart-whiteboard\\src\\store\\briefing.ts": {"lines":{"total":3,"covered":3,"skipped":0,"pct":100},"functions":{"total":3,"covered":3,"skipped":0,"pct":100},"statements":{"total":4,"covered":4,"skipped":0,"pct":100},"branches":{"total":0,"covered":0,"skipped":0,"pct":100}}
,"C:\\Users\\dylan\\Documents\\projects\\wiigit-whiteboard\\smart-whiteboard\\src\\store\\chat.ts": {"lines":{"total":6,"covered":0,"skipped":0,"pct":0},"functions":{"total":6,"covered":0,"skipped":0,"pct":0},"statements":{"total":9,"covered":0,"skipped":0,"pct":0},"branches":{"total":2,"covered":0,"skipped":0,"pct":0}}
,"C:\\Users\\dylan\\Documents\\projects\\wiigit-whiteboard\\smart-whiteboard\\src\\store\\notifications.ts": {"lines":{"total":6,"covered":6,"skipped":0,"pct":100},"functions":{"total":13,"covered":13,"skipped":0,"pct":100},"statements":{"total":14,"covered":14,"skipped":0,"pct":100},"branches":{"total":0,"covered":0,"skipped":0,"pct":100}}
,"C:\\Users\\dylan\\Documents\\projects\\wiigit-whiteboard\\smart-whiteboard\\src\\store\\pets.ts": {"lines":{"total":3,"covered":3,"skipped":0,"pct":100},"functions":{"total":5,"covered":5,"skipped":0,"pct":100},"statements":{"total":6,"covered":6,"skipped":0,"pct":100},"branches":{"total":3,"covered":3,"skipped":0,"pct":100}}
,"C:\\Users\\dylan\\Documents\\projects\\wiigit-whiteboard\\smart-whiteboard\\src\\store\\spotify.ts": {"lines":{"total":3,"covered":3,"skipped":0,"pct":100},"functions":{"total":2,"covered":2,"skipped":0,"pct":100},"statements":{"total":3,"covered":3,"skipped":0,"pct":100},"branches":{"total":0,"covered":0,"skipped":0,"pct":100}}
,"C:\\Users\\dylan\\Documents\\projects\\wiigit-whiteboard\\smart-whiteboard\\src\\store\\theme.ts": {"lines":{"total":30,"covered":27,"skipped":0,"pct":90},"functions":{"total":9,"covered":9,"skipped":0,"pct":100},"statements":{"total":33,"covered":30,"skipped":0,"pct":90.9},"branches":{"total":24,"covered":15,"skipped":0,"pct":62.5}}
,"C:\\Users\\dylan\\Documents\\projects\\wiigit-whiteboard\\smart-whiteboard\\src\\store\\ui.ts": {"lines":{"total":11,"covered":11,"skipped":0,"pct":100},"functions":{"total":13,"covered":13,"skipped":0,"pct":100},"statements":{"total":15,"covered":15,"skipped":0,"pct":100},"branches":{"total":2,"covered":2,"skipped":0,"pct":100}}
,"C:\\Users\\dylan\\Documents\\projects\\wiigit-whiteboard\\smart-whiteboard\\src\\store\\undo.ts": {"lines":{"total":8,"covered":8,"skipped":0,"pct":100},"functions":{"total":5,"covered":5,"skipped":0,"pct":100},"statements":{"total":11,"covered":11,"skipped":0,"pct":100},"branches":{"total":2,"covered":2,"skipped":0,"pct":100}}
,"C:\\Users\\dylan\\Documents\\projects\\wiigit-whiteboard\\smart-whiteboard\\src\\store\\voice.ts": {"lines":{"total":2,"covered":2,"skipped":0,"pct":100},"functions":{"total":2,"covered":2,"skipped":0,"pct":100},"statements":{"total":3,"covered":3,"skipped":0,"pct":100},"branches":{"total":0,"covered":0,"skipped":0,"pct":100}}
,"C:\\Users\\dylan\\Documents\\projects\\wiigit-whiteboard\\smart-whiteboard\\src\\store\\walliAgents.ts": {"lines":{"total":3,"covered":3,"skipped":0,"pct":100},"functions":{"total":4,"covered":4,"skipped":0,"pct":100},"statements":{"total":5,"covered":5,"skipped":0,"pct":100},"branches":{"total":0,"covered":0,"skipped":0,"pct":100}}
,"C:\\Users\\dylan\\Documents\\projects\\wiigit-whiteboard\\smart-whiteboard\\src\\store\\whiteboard.ts": {"lines":{"total":104,"covered":93,"skipped":0,"pct":89.42},"functions":{"total":75,"covered":67,"skipped":0,"pct":89.33},"statements":{"total":142,"covered":124,"skipped":0,"pct":87.32},"branches":{"total":83,"covered":55,"skipped":0,"pct":66.26}}
,"C:\\Users\\dylan\\Documents\\projects\\wiigit-whiteboard\\smart-whiteboard\\src\\themes\\presets.ts": {"lines":{"total":10,"covered":10,"skipped":0,"pct":100},"functions":{"total":4,"covered":4,"skipped":0,"pct":100},"statements":{"total":12,"covered":12,"skipped":0,"pct":100},"branches":{"total":0,"covered":0,"skipped":0,"pct":100}}
,"C:\\Users\\dylan\\Documents\\projects\\wiigit-whiteboard\\smart-whiteboard\\src\\themes\\scale.ts": {"lines":{"total":25,"covered":25,"skipped":0,"pct":100},"functions":{"total":6,"covered":6,"skipped":0,"pct":100},"statements":{"total":25,"covered":25,"skipped":0,"pct":100},"branches":{"total":54,"covered":54,"skipped":0,"pct":100}}
,"C:\\Users\\dylan\\Documents\\projects\\wiigit-whiteboard\\smart-whiteboard\\src\\types\\index.ts": {"lines":{"total":0,"covered":0,"skipped":0,"pct":100},"functions":{"total":0,"covered":0,"skipped":0,"pct":100},"statements":{"total":0,"covered":0,"skipped":0,"pct":100},"branches":{"total":0,"covered":0,"skipped":0,"pct":100}}
,"C:\\Users\\dylan\\Documents\\projects\\wiigit-whiteboard\\smart-whiteboard\\src\\types\\unified.ts": {"lines":{"total":0,"covered":0,"skipped":0,"pct":100},"functions":{"total":0,"covered":0,"skipped":0,"pct":100},"statements":{"total":0,"covered":0,"skipped":0,"pct":100},"branches":{"total":0,"covered":0,"skipped":0,"pct":100}}
}
